Watching for file changes with StatReloader
"GET / HTTP/1.1" 200 1144
"GET /static/fotos/css/style.css HTTP/1.1" 304 0
"GET /static/fotos/js/main.js HTTP/1.1" 304 0
"GET /fotos/ HTTP/1.1" 200 2203
"GET /media/photos/1.jpg HTTP/1.1" 304 0
"GET /media/photos/3.jpg HTTP/1.1" 304 0
"GET /media/photos/2.jpg HTTP/1.1" 304 0
"GET /fotos/?page=2 HTTP/1.1" 200 2215
"GET /media/photos/4.jpg HTTP/1.1" 304 0
"GET /media/photos/5.jpg HTTP/1.1" 304 0
"GET /media/photos/6.jpg HTTP/1.1" 304 0
Watching for file changes with StatReloader
"GET / HTTP/1.1" 200 1144
"GET /static/fotos/css/style.css HTTP/1.1" 304 0
"GET /static/fotos/js/main.js HTTP/1.1" 304 0
"GET /fotos/ HTTP/1.1" 200 2203
"GET /media/photos/1.jpg HTTP/1.1" 304 0
"GET /media/photos/2.jpg HTTP/1.1" 304 0
"GET /media/photos/3.jpg HTTP/1.1" 304 0
"GET /fotos/1/ HTTP/1.1" 200 872
"GET /fotos/ HTTP/1.1" 200 2203
"GET /fotos/2/ HTTP/1.1" 200 861
"GET /fotos/ HTTP/1.1" 200 2203
"GET /fotos/?page=2 HTTP/1.1" 200 2215
"GET /media/photos/4.jpg HTTP/1.1" 304 0
"GET /media/photos/5.jpg HTTP/1.1" 304 0
"GET /media/photos/6.jpg HTTP/1.1" 304 0
"GET /fotos/conclusion/ HTTP/1.1" 200 1703
"GET /fotos/2/ HTTP/1.1" 200 861
"GET /fotos/ HTTP/1.1" 200 2203
Watching for file changes with StatReloader
"GET / HTTP/1.1" 200 1144
"GET /static/fotos/css/style.css HTTP/1.1" 304 0
"GET /static/fotos/js/main.js HTTP/1.1" 304 0
Not Found: /favicon.ico
"GET /favicon.ico HTTP/1.1" 404 179
"GET /fotos/ HTTP/1.1" 200 2203
Not Found: /media/photos/2.jpg
"GET /media/photos/2.jpg HTTP/1.1" 404 179
Not Found: /favicon.ico
"GET /favicon.ico HTTP/1.1" 404 179
Not Found: /media/photos/1.jpg
Not Found: /media/photos/3.jpg
"GET /media/photos/1.jpg HTTP/1.1" 404 179
"GET /media/photos/3.jpg HTTP/1.1" 404 179
"GET / HTTP/1.1" 200 1144
"GET /fotos/ HTTP/1.1" 200 2203
Not Found: /media/photos/1.jpg
Not Found: /media/photos/2.jpg
"GET /media/photos/1.jpg HTTP/1.1" 404 179
"GET /media/photos/2.jpg HTTP/1.1" 404 179
Not Found: /media/photos/3.jpg
"GET /media/photos/3.jpg HTTP/1.1" 404 179
Not Found: /media/photos/2.jpg
"GET /media/photos/2.jpg HTTP/1.1" 404 179
"GET /fotos/?page=2 HTTP/1.1" 200 2215
Not Found: /media/photos/5.jpg
Not Found: /media/photos/6.jpg
"GET /media/photos/5.jpg HTTP/1.1" 404 179
"GET /media/photos/6.jpg HTTP/1.1" 404 179
Not Found: /media/photos/4.jpg
"GET /media/photos/4.jpg HTTP/1.1" 404 179
"GET /fotos/?page=1 HTTP/1.1" 200 2203
Not Found: /media/photos/1.jpg
Not Found: /media/photos/2.jpg
Not Found: /media/photos/3.jpg
"GET /media/photos/1.jpg HTTP/1.1" 404 179
"GET /media/photos/2.jpg HTTP/1.1" 404 179
"GET /media/photos/3.jpg HTTP/1.1" 404 179
C:\Users\прога\Desktop\PRODAKHN\foto-albom\main\settings.py changed, reloading.
Watching for file changes with StatReloader
C:\Users\прога\Desktop\PRODAKHN\foto-albom\main\settings.py changed, reloading.
Watching for file changes with StatReloader
"GET / HTTP/1.1" 200 1144
"GET /static/fotos/css/style.css HTTP/1.1" 304 0
"GET /static/fotos/js/main.js HTTP/1.1" 304 0
"GET /fotos/ HTTP/1.1" 200 2203
Not Found: /media/photos/1.jpg
"GET /media/photos/1.jpg HTTP/1.1" 404 179
Not Found: /media/photos/2.jpg
"GET /media/photos/2.jpg HTTP/1.1" 404 179
Not Found: /media/photos/3.jpg
"GET /media/photos/3.jpg HTTP/1.1" 404 179
"GET /admin/ HTTP/1.1" 200 9893
Not Found: /static/admin/css/base.css
"GET /static/admin/css/base.css HTTP/1.1" 404 179
Not Found: /static/admin/css/dark_mode.css
"GET /static/admin/css/dark_mode.css HTTP/1.1" 404 179
Not Found: /static/admin/css/dashboard.css
Not Found: /static/admin/css/nav_sidebar.css
"GET /static/admin/css/dashboard.css HTTP/1.1" 404 179
"GET /static/admin/css/nav_sidebar.css HTTP/1.1" 404 179
Not Found: /static/admin/css/responsive.css
"GET /static/admin/css/responsive.css HTTP/1.1" 404 179
Not Found: /static/admin/js/nav_sidebar.js
"GET /static/admin/js/nav_sidebar.js HTTP/1.1" 404 179
Not Found: /static/admin/js/theme.js
"GET /static/admin/js/theme.js HTTP/1.1" 404 179
Not Found: /static/admin/css/nav_sidebar.css
Not Found: /static/admin/css/responsive.css
Not Found: /static/admin/css/dashboard.css
"GET /static/admin/css/nav_sidebar.css HTTP/1.1" 404 179
"GET /static/admin/css/responsive.css HTTP/1.1" 404 179
"GET /static/admin/css/dashboard.css HTTP/1.1" 404 179
Watching for file changes with StatReloader
"GET / HTTP/1.1" 200 1144
"GET /static/fotos/js/main.js HTTP/1.1" 304 0
"GET /static/fotos/css/style.css HTTP/1.1" 304 0
"GET /admin/ HTTP/1.1" 200 9893
"GET /static/admin/css/dark_mode.css HTTP/1.1" 200 3538
"GET /static/admin/css/base.css HTTP/1.1" 200 23100
"GET /static/admin/js/theme.js HTTP/1.1" 200 1653
"GET /static/admin/js/nav_sidebar.js HTTP/1.1" 200 3063
"GET /static/admin/css/nav_sidebar.css HTTP/1.1" 200 2810
"GET /static/admin/css/dashboard.css HTTP/1.1" 200 441
"GET /static/admin/css/responsive.css HTTP/1.1" 200 16194
"GET /static/admin/img/icon-changelink.svg HTTP/1.1" 200 978
"GET /static/admin/img/icon-addlink.svg HTTP/1.1" 200 593
"GET /admin/fotos/photo/ HTTP/1.1" 200 15015
"GET /static/admin/css/changelists.css HTTP/1.1" 200 7501
"GET /static/admin/js/core.js HTTP/1.1" 200 6208
"GET /static/admin/js/jquery.init.js HTTP/1.1" 200 347
"GET /admin/jsi18n/ HTTP/1.1" 200 16820
"GET /static/admin/js/vendor/jquery/jquery.min.js HTTP/1.1" 200 87533
"GET /static/admin/js/prepopulate.js HTTP/1.1" 200 1531
"GET /static/admin/js/actions.js HTTP/1.1" 200 8076
"GET /static/admin/js/urlify.js HTTP/1.1" 200 7887
"GET /static/admin/js/vendor/xregexp/xregexp.min.js HTTP/1.1" 200 163184
"GET /static/admin/img/search.svg HTTP/1.1" 200 607
"GET /static/admin/js/admin/RelatedObjectLookups.js HTTP/1.1" 200 9777
"GET /static/admin/js/filters.js HTTP/1.1" 200 978
"GET /static/admin/img/tooltag-add.svg HTTP/1.1" 200 593
"GET /static/admin/img/icon-viewlink.svg HTTP/1.1" 200 928
"GET /fotos/ HTTP/1.1" 200 2203
Not Found: /media/photos/1.jpg
"GET /media/photos/1.jpg HTTP/1.1" 404 179
Not Found: /media/photos/2.jpg
Not Found: /media/photos/3.jpg
"GET /media/photos/2.jpg HTTP/1.1" 404 179
"GET /media/photos/3.jpg HTTP/1.1" 404 179
Not Found: /media/photos/2.jpg
"GET /media/photos/2.jpg HTTP/1.1" 404 179
Watching for file changes with StatReloader
"GET / HTTP/1.1" 200 1144
"GET /static/fotos/css/style.css HTTP/1.1" 304 0
"GET /static/fotos/js/main.js HTTP/1.1" 304 0
"GET /admin/ HTTP/1.1" 200 9893
"GET /static/admin/css/base.css HTTP/1.1" 304 0
"GET /static/admin/css/dark_mode.css HTTP/1.1" 304 0
"GET /static/admin/js/theme.js HTTP/1.1" 304 0
"GET /static/admin/css/nav_sidebar.css HTTP/1.1" 304 0
"GET /static/admin/css/responsive.css HTTP/1.1" 304 0
"GET /static/admin/css/dashboard.css HTTP/1.1" 304 0
"GET /static/admin/js/nav_sidebar.js HTTP/1.1" 304 0
"GET /static/admin/img/icon-addlink.svg HTTP/1.1" 304 0
"GET /static/admin/img/icon-changelink.svg HTTP/1.1" 304 0
"GET /admin/fotos/photo/ HTTP/1.1" 200 15015
"GET /static/admin/css/changelists.css HTTP/1.1" 304 0
"GET /static/admin/js/vendor/jquery/jquery.min.js HTTP/1.1" 304 0
"GET /static/admin/js/actions.js HTTP/1.1" 304 0
"GET /static/admin/js/urlify.js HTTP/1.1" 304 0
"GET /static/admin/js/vendor/xregexp/xregexp.min.js HTTP/1.1" 304 0
"GET /static/admin/js/prepopulate.js HTTP/1.1" 304 0
"GET /admin/jsi18n/ HTTP/1.1" 200 16820
"GET /static/admin/img/search.svg HTTP/1.1" 304 0
"GET /static/admin/js/jquery.init.js HTTP/1.1" 304 0
"GET /static/admin/js/core.js HTTP/1.1" 304 0
"GET /static/admin/js/filters.js HTTP/1.1" 304 0
"GET /static/admin/js/admin/RelatedObjectLookups.js HTTP/1.1" 304 0
"GET /static/admin/img/icon-viewlink.svg HTTP/1.1" 304 0
"GET /static/admin/img/tooltag-add.svg HTTP/1.1" 304 0
"GET / HTTP/1.1" 200 1144
"GET /fotos/ HTTP/1.1" 200 2203
Not Found: /media/photos/1.jpg
"GET /media/photos/1.jpg HTTP/1.1" 404 179
Not Found: /media/photos/2.jpg
"GET /media/photos/2.jpg HTTP/1.1" 404 179
Not Found: /media/photos/3.jpg
"GET /media/photos/3.jpg HTTP/1.1" 404 179
"GET / HTTP/1.1" 200 1144
"GET /admin/ HTTP/1.1" 200 9893
"GET /admin/fotos/photo/ HTTP/1.1" 200 15015
"GET /admin/jsi18n/ HTTP/1.1" 200 16820
"POST /admin/fotos/photo/ HTTP/1.1" 200 9906
"GET /static/admin/css/base.css HTTP/1.1" 304 0
"GET /static/admin/css/nav_sidebar.css HTTP/1.1" 304 0
"GET /static/admin/css/responsive.css HTTP/1.1" 304 0
"GET /static/admin/js/admin/RelatedObjectLookups.js HTTP/1.1" 304 0
"GET /static/admin/js/actions.js HTTP/1.1" 304 0
"GET /static/admin/css/dark_mode.css HTTP/1.1" 304 0
"GET /static/admin/js/urlify.js HTTP/1.1" 304 0
"GET /static/admin/js/prepopulate.js HTTP/1.1" 304 0
"GET /static/admin/js/vendor/xregexp/xregexp.min.js HTTP/1.1" 304 0
"GET /static/admin/js/theme.js HTTP/1.1" 304 0
"GET /static/admin/js/vendor/jquery/jquery.min.js HTTP/1.1" 304 0
"GET /static/admin/js/jquery.init.js HTTP/1.1" 304 0
"GET /static/admin/js/core.js HTTP/1.1" 304 0
"GET /static/admin/js/nav_sidebar.js HTTP/1.1" 304 0
"GET /static/admin/js/cancel.js HTTP/1.1" 200 884
"POST /admin/fotos/photo/ HTTP/1.1" 302 0
"GET /admin/fotos/photo/ HTTP/1.1" 200 11041
"GET /static/admin/css/changelists.css HTTP/1.1" 304 0
"GET /static/admin/img/search.svg HTTP/1.1" 304 0
"GET /admin/jsi18n/ HTTP/1.1" 200 16820
"GET /static/admin/js/filters.js HTTP/1.1" 304 0
"GET /static/admin/img/icon-yes.svg HTTP/1.1" 200 558
"GET / HTTP/1.1" 200 1144
"GET /static/fotos/css/style.css HTTP/1.1" 304 0
"GET /static/fotos/js/main.js HTTP/1.1" 304 0
"GET /fotos/ HTTP/1.1" 200 1216
"GET / HTTP/1.1" 200 1144
"GET /fotos/ HTTP/1.1" 200 1216
"GET / HTTP/1.1" 200 1144
"GET /admin/ HTTP/1.1" 200 11148
"GET /static/admin/css/dashboard.css HTTP/1.1" 304 0
"GET /static/admin/img/icon-deletelink.svg HTTP/1.1" 200 689
"GET /static/admin/img/icon-addlink.svg HTTP/1.1" 304 0
"GET /static/admin/img/icon-changelink.svg HTTP/1.1" 304 0
"GET /admin/fotos/photo/ HTTP/1.1" 200 10882
"GET /admin/jsi18n/ HTTP/1.1" 200 16820
"GET /static/admin/img/tooltag-add.svg HTTP/1.1" 304 0
"GET /static/admin/img/icon-viewlink.svg HTTP/1.1" 304 0
"GET /admin/fotos/photo/add/ HTTP/1.1" 200 11094
"GET /admin/jsi18n/ HTTP/1.1" 200 16820
"GET /static/admin/js/prepopulate_init.js HTTP/1.1" 200 586
"GET /static/admin/css/forms.css HTTP/1.1" 200 8844
"GET /static/admin/js/change_form.js HTTP/1.1" 200 606
"GET /static/admin/css/widgets.css HTTP/1.1" 200 11811
"POST /admin/fotos/photo/add/ HTTP/1.1" 302 0
"GET /admin/fotos/photo/ HTTP/1.1" 200 12969
"GET /admin/jsi18n/ HTTP/1.1" 200 16820
"GET / HTTP/1.1" 200 1144
"GET /fotos/ HTTP/1.1" 200 1363
Not Found: /media/photos/1_Obyk1zv.jpg
"GET /media/photos/1_Obyk1zv.jpg HTTP/1.1" 404 179
Watching for file changes with StatReloader
"GET / HTTP/1.1" 200 1144
"GET /static/fotos/css/style.css HTTP/1.1" 304 0
"GET /static/fotos/js/main.js HTTP/1.1" 304 0
"GET /fotos/ HTTP/1.1" 200 2266
Not Found: /media/photos/1.jpg
Not Found: /media/photos/2.jpg
"GET /media/photos/2.jpg HTTP/1.1" 404 179
"GET /media/photos/1.jpg HTTP/1.1" 404 179
Not Found: /media/photos/3.jpg
"GET /media/photos/3.jpg HTTP/1.1" 404 179
"GET /fotos/?page=2 HTTP/1.1" 200 2268
Not Found: /media/photos/5.jpg
Not Found: /media/photos/6.jpg
"GET /media/photos/6.jpg HTTP/1.1" 404 179
"GET /media/photos/5.jpg HTTP/1.1" 404 179
Not Found: /media/photos/4.jpg
"GET /media/photos/4.jpg HTTP/1.1" 404 179
Not Found: /media/photos/4.jpg
"GET /media/photos/4.jpg HTTP/1.1" 404 179
"GET / HTTP/1.1" 200 1144
Watching for file changes with StatReloader
"GET / HTTP/1.1" 200 1144
"GET /static/fotos/css/style.css HTTP/1.1" 304 0
"GET /static/fotos/js/main.js HTTP/1.1" 304 0
"GET / HTTP/1.1" 200 1144
"GET /fotos/ HTTP/1.1" 200 2266
Not Found: /media/photos/2.jpg
"GET /media/photos/2.jpg HTTP/1.1" 404 179
Not Found: /media/photos/1.jpg
Not Found: /media/photos/3.jpg
"GET /media/photos/1.jpg HTTP/1.1" 404 179
"GET /media/photos/3.jpg HTTP/1.1" 404 179
"GET /fotos/?page=2 HTTP/1.1" 200 2268
Not Found: /media/photos/4.jpg
Not Found: /media/photos/5.jpg
"GET /media/photos/5.jpg HTTP/1.1" 404 179
"GET /media/photos/4.jpg HTTP/1.1" 404 179
Not Found: /media/photos/6.jpg
"GET /media/photos/6.jpg HTTP/1.1" 404 179
"GET /fotos/?page=1 HTTP/1.1" 200 2266
Not Found: /media/photos/1.jpg
"GET /media/photos/1.jpg HTTP/1.1" 404 179
Not Found: /media/photos/2.jpg
"GET /media/photos/2.jpg HTTP/1.1" 404 179
Not Found: /media/photos/3.jpg
"GET /media/photos/3.jpg HTTP/1.1" 404 179
Not Found: /media/photos/1.jpg
"GET /media/photos/1.jpg HTTP/1.1" 404 179
Watching for file changes with StatReloader
"GET / HTTP/1.1" 200 1144
"GET /static/fotos/css/style.css HTTP/1.1" 304 0
"GET /static/fotos/js/main.js HTTP/1.1" 304 0
"GET /fotos/ HTTP/1.1" 200 2266
Not Found: /media/photos/1.jpg
Not Found: /media/photos/2.jpg
"GET /media/photos/1.jpg HTTP/1.1" 404 179
"GET /media/photos/2.jpg HTTP/1.1" 404 179
Not Found: /media/photos/3.jpg
"GET /media/photos/3.jpg HTTP/1.1" 404 179
C:\Users\прога\Desktop\PRODAKHN\foto-albom\main\settings.py changed, reloading.
Watching for file changes with StatReloader
"GET / HTTP/1.1" 200 1144
"GET /static/fotos/js/main.js HTTP/1.1" 304 0
"GET /static/fotos/css/style.css HTTP/1.1" 304 0
"GET /fotos/ HTTP/1.1" 200 2266
Not Found: /media/photos/1.jpg
"GET /media/photos/1.jpg HTTP/1.1" 404 179
Not Found: /media/photos/2.jpg
"GET /media/photos/2.jpg HTTP/1.1" 404 179
Not Found: /media/photos/3.jpg
"GET /media/photos/3.jpg HTTP/1.1" 404 179
"GET /fotos/?page=2 HTTP/1.1" 200 2268
Not Found: /media/photos/4.jpg
Not Found: /media/photos/6.jpg
Not Found: /media/photos/5.jpg
"GET /media/photos/6.jpg HTTP/1.1" 404 179
"GET /media/photos/4.jpg HTTP/1.1" 404 179
"GET /media/photos/5.jpg HTTP/1.1" 404 179
"GET /fotos/?page=1 HTTP/1.1" 200 2266
Not Found: /media/photos/1.jpg
"GET /media/photos/1.jpg HTTP/1.1" 404 179
Not Found: /media/photos/2.jpg
"GET /media/photos/2.jpg HTTP/1.1" 404 179
Not Found: /media/photos/3.jpg
"GET /media/photos/3.jpg HTTP/1.1" 404 179
"GET /fotos/?page=2 HTTP/1.1" 200 2268
Not Found: /media/photos/4.jpg
"GET /media/photos/4.jpg HTTP/1.1" 404 179
Not Found: /media/photos/5.jpg
Not Found: /media/photos/6.jpg
"GET /media/photos/5.jpg HTTP/1.1" 404 179
"GET /media/photos/6.jpg HTTP/1.1" 404 179
"GET /admin/ HTTP/1.1" 200 11130
"GET /static/admin/css/nav_sidebar.css HTTP/1.1" 304 0
"GET /static/admin/css/responsive.css HTTP/1.1" 304 0
"GET /static/admin/js/theme.js HTTP/1.1" 304 0
"GET /static/admin/css/dashboard.css HTTP/1.1" 304 0
"GET /static/admin/css/dark_mode.css HTTP/1.1" 304 0
"GET /static/admin/js/nav_sidebar.js HTTP/1.1" 304 0
"GET /static/admin/css/base.css HTTP/1.1" 304 0
"GET /static/admin/img/icon-changelink.svg HTTP/1.1" 304 0
"GET /static/admin/img/icon-addlink.svg HTTP/1.1" 304 0
"GET /static/admin/img/icon-deletelink.svg HTTP/1.1" 304 0
"GET /admin/fotos/photo/ HTTP/1.1" 200 14940
"GET /static/admin/js/core.js HTTP/1.1" 304 0
"GET /static/admin/js/admin/RelatedObjectLookups.js HTTP/1.1" 304 0
"GET /static/admin/js/jquery.init.js HTTP/1.1" 304 0
"GET /static/admin/js/vendor/jquery/jquery.min.js HTTP/1.1" 304 0
"GET /static/admin/css/changelists.css HTTP/1.1" 304 0
"GET /static/admin/js/actions.js HTTP/1.1" 304 0
"GET /static/admin/js/urlify.js HTTP/1.1" 304 0
"GET /admin/jsi18n/ HTTP/1.1" 200 16820
"GET /static/admin/js/vendor/xregexp/xregexp.min.js HTTP/1.1" 304 0
"GET /static/admin/js/prepopulate.js HTTP/1.1" 304 0
"GET /static/admin/img/search.svg HTTP/1.1" 304 0
"GET /static/admin/js/filters.js HTTP/1.1" 304 0
"GET /static/admin/img/tooltag-add.svg HTTP/1.1" 304 0
"GET /static/admin/img/icon-viewlink.svg HTTP/1.1" 304 0
"POST /admin/fotos/photo/ HTTP/1.1" 200 9871
"GET /static/admin/js/cancel.js HTTP/1.1" 304 0
"POST /admin/fotos/photo/ HTTP/1.1" 302 0
"GET /admin/fotos/photo/ HTTP/1.1" 200 11041
"GET /admin/jsi18n/ HTTP/1.1" 200 16820
"GET /static/admin/img/icon-yes.svg HTTP/1.1" 304 0
"GET /admin/fotos/photo/add/ HTTP/1.1" 200 11094
"GET /static/admin/css/forms.css HTTP/1.1" 304 0
"GET /admin/jsi18n/ HTTP/1.1" 200 16820
"GET /static/admin/js/prepopulate_init.js HTTP/1.1" 304 0
"GET /static/admin/css/widgets.css HTTP/1.1" 304 0
"GET /static/admin/js/change_form.js HTTP/1.1" 304 0
"POST /admin/fotos/photo/add/ HTTP/1.1" 302 0
"GET /admin/fotos/photo/ HTTP/1.1" 200 12966
"GET /admin/jsi18n/ HTTP/1.1" 200 16820
"GET / HTTP/1.1" 200 1144
"GET /static/fotos/css/style.css HTTP/1.1" 304 0
"GET /static/fotos/js/main.js HTTP/1.1" 304 0
"GET /fotos/ HTTP/1.1" 200 1360
Not Found: /media/photos/1_8beWpT2.jpg
"GET /media/photos/1_8beWpT2.jpg HTTP/1.1" 404 179
Watching for file changes with StatReloader
"GET / HTTP/1.1" 200 1144
"GET /static/fotos/css/style.css HTTP/1.1" 304 0
"GET /static/fotos/js/main.js HTTP/1.1" 304 0
"GET /fotos/ HTTP/1.1" 200 1360
Not Found: /media/photos/1_8beWpT2.jpg
"GET /media/photos/1_8beWpT2.jpg HTTP/1.1" 404 179
C:\Users\прога\Desktop\PRODAKHN\foto-albom\main\settings.py changed, reloading.
Watching for file changes with StatReloader
C:\Users\прога\Desktop\PRODAKHN\foto-albom\main\settings.py changed, reloading.
Watching for file changes with StatReloader
"GET /fotos/ HTTP/1.1" 200 1360
Not Found: /media/photos/1_8beWpT2.jpg
"GET /media/photos/1_8beWpT2.jpg HTTP/1.1" 404 179
C:\Users\прога\Desktop\PRODAKHN\foto-albom\main\settings.py changed, reloading.
Watching for file changes with StatReloader
"GET /fotos/ HTTP/1.1" 200 1360
"GET /static/fotos/css/style.css HTTP/1.1" 304 0
"GET /static/fotos/js/main.js HTTP/1.1" 304 0
Not Found: /media/photos/1_8beWpT2.jpg
"GET /media/photos/1_8beWpT2.jpg HTTP/1.1" 404 179
C:\Users\прога\Desktop\PRODAKHN\foto-albom\main\settings.py changed, reloading.
Watching for file changes with StatReloader
"GET / HTTP/1.1" 200 1144
"GET / HTTP/1.1" 200 1144
"GET /fotos/ HTTP/1.1" 200 1360
Not Found: /media/photos/1_8beWpT2.jpg
"GET /media/photos/1_8beWpT2.jpg HTTP/1.1" 404 179
C:\Users\прога\Desktop\PRODAKHN\foto-albom\main\settings.py changed, reloading.
Watching for file changes with StatReloader
Watching for file changes with StatReloader
"GET / HTTP/1.1" 200 1144
"GET /static/fotos/css/style.css HTTP/1.1" 304 0
"GET /static/fotos/js/main.js HTTP/1.1" 304 0
"GET /fotos/ HTTP/1.1" 200 1360
Not Found: /media/photos/1_8beWpT2.jpg
"GET /media/photos/1_8beWpT2.jpg HTTP/1.1" 404 179
"GET / HTTP/1.1" 200 1144
"GET /admin/ HTTP/1.1" 200 10970
"GET /static/admin/css/base.css HTTP/1.1" 304 0
"GET /static/admin/js/theme.js HTTP/1.1" 304 0
"GET /static/admin/css/dark_mode.css HTTP/1.1" 304 0
"GET /static/admin/css/nav_sidebar.css HTTP/1.1" 304 0
"GET /static/admin/css/dashboard.css HTTP/1.1" 304 0
"GET /static/admin/css/responsive.css HTTP/1.1" 304 0
"GET /static/admin/img/icon-deletelink.svg HTTP/1.1" 304 0
"GET /static/admin/img/icon-changelink.svg HTTP/1.1" 304 0
"GET /static/admin/img/icon-addlink.svg HTTP/1.1" 304 0
"GET /static/admin/js/nav_sidebar.js HTTP/1.1" 304 0
"GET /admin/fotos/photo/ HTTP/1.1" 200 12761
"GET /static/admin/css/changelists.css HTTP/1.1" 304 0
"GET /static/admin/js/vendor/jquery/jquery.min.js HTTP/1.1" 304 0
"GET /static/admin/js/jquery.init.js HTTP/1.1" 304 0
"GET /static/admin/js/actions.js HTTP/1.1" 304 0
"GET /static/admin/js/prepopulate.js HTTP/1.1" 304 0
"GET /static/admin/js/urlify.js HTTP/1.1" 304 0
"GET /admin/jsi18n/ HTTP/1.1" 200 16820
"GET /static/admin/js/vendor/xregexp/xregexp.min.js HTTP/1.1" 304 0
"GET /static/admin/img/search.svg HTTP/1.1" 304 0
"GET /static/admin/js/core.js HTTP/1.1" 304 0
"GET /static/admin/js/admin/RelatedObjectLookups.js HTTP/1.1" 304 0
"GET /static/admin/js/filters.js HTTP/1.1" 304 0
"GET /static/admin/img/tooltag-add.svg HTTP/1.1" 304 0
"GET /static/admin/img/icon-viewlink.svg HTTP/1.1" 304 0
"POST /admin/fotos/photo/ HTTP/1.1" 200 9080
"GET /static/admin/js/cancel.js HTTP/1.1" 304 0
"POST /admin/fotos/photo/ HTTP/1.1" 302 0
"GET /admin/fotos/photo/ HTTP/1.1" 200 11029
"GET /admin/jsi18n/ HTTP/1.1" 200 16820
"GET /static/admin/img/icon-yes.svg HTTP/1.1" 304 0
"GET /admin/fotos/photo/add/ HTTP/1.1" 200 11094
"GET /static/admin/css/forms.css HTTP/1.1" 304 0
"GET /admin/jsi18n/ HTTP/1.1" 200 16820
"GET /static/admin/js/prepopulate_init.js HTTP/1.1" 304 0
"GET /static/admin/css/widgets.css HTTP/1.1" 304 0
"GET /static/admin/js/change_form.js HTTP/1.1" 304 0
"POST /admin/fotos/photo/add/ HTTP/1.1" 302 0
"GET /admin/fotos/photo/ HTTP/1.1" 200 12969
"GET /admin/jsi18n/ HTTP/1.1" 200 16820
"GET / HTTP/1.1" 200 1144
"GET /fotos/ HTTP/1.1" 200 1364
Not Found: /media/photos/1_MYDTYmn.jpg
"GET /media/photos/1_MYDTYmn.jpg HTTP/1.1" 404 179
Watching for file changes with StatReloader
"GET / HTTP/1.1" 200 1144
"GET /static/fotos/css/style.css HTTP/1.1" 304 0
"GET /static/fotos/js/main.js HTTP/1.1" 304 0
"GET /fotos/ HTTP/1.1" 200 2268
Not Found: /media/photos/3.jpg
"GET /media/photos/3.jpg HTTP/1.1" 404 179
Not Found: /media/photos/1.jpg
Not Found: /media/photos/2.jpg
"GET /media/photos/1.jpg HTTP/1.1" 404 179
"GET /media/photos/2.jpg HTTP/1.1" 404 179
Watching for file changes with StatReloader
"GET / HTTP/1.1" 200 1144
Not Found: /static/fotos/css/style.css
Not Found: /static/fotos/js/main.js
"GET /static/fotos/css/style.css HTTP/1.1" 404 179
"GET /static/fotos/js/main.js HTTP/1.1" 404 179
"GET /fotos/ HTTP/1.1" 200 2268
Not Found: /static/fotos/css/style.css
"GET /static/fotos/css/style.css HTTP/1.1" 404 179
Not Found: /static/fotos/js/main.js
"GET /static/fotos/js/main.js HTTP/1.1" 404 179
Not Found: /media/photos/1.jpg
"GET /media/photos/1.jpg HTTP/1.1" 404 179
Not Found: /media/photos/2.jpg
"GET /media/photos/2.jpg HTTP/1.1" 404 179
Not Found: /media/photos/3.jpg
"GET /media/photos/3.jpg HTTP/1.1" 404 179
Not Found: /media/photos/1.jpg
"GET /media/photos/1.jpg HTTP/1.1" 404 179
Watching for file changes with StatReloader
"GET / HTTP/1.1" 200 1144
"GET /static/fotos/css/style.css HTTP/1.1" 200 4131
"GET /static/fotos/js/main.js HTTP/1.1" 200 2964
"GET /fotos/ HTTP/1.1" 200 2268
"GET /media/photos/1.jpg HTTP/1.1" 200 49301
"GET /media/photos/2.jpg HTTP/1.1" 200 80570
"GET /media/photos/3.jpg HTTP/1.1" 200 32868
Watching for file changes with StatReloader
"GET / HTTP/1.1" 200 1144
"GET /fotos/ HTTP/1.1" 200 2268
Watching for file changes with StatReloader
"GET / HTTP/1.1" 200 1144
"GET /static/fotos/css/style.css HTTP/1.1" 304 0
"GET /static/fotos/js/main.js HTTP/1.1" 304 0
Not Found: /favicon.ico
"GET /favicon.ico HTTP/1.1" 404 179
"GET /fotos/ HTTP/1.1" 200 2268
Not Found: /media/photos/1.jpg
Not Found: /media/photos/2.jpg
"GET /media/photos/1.jpg HTTP/1.1" 404 179
"GET /media/photos/2.jpg HTTP/1.1" 404 179
Not Found: /media/photos/3.jpg
"GET /media/photos/3.jpg HTTP/1.1" 404 179
"GET / HTTP/1.1" 200 1144
"GET / HTTP/1.1" 200 1144
"GET /fotos/ HTTP/1.1" 200 2268
Not Found: /media/photos/1.jpg
"GET /media/photos/1.jpg HTTP/1.1" 404 179
Not Found: /media/photos/2.jpg
"GET /media/photos/2.jpg HTTP/1.1" 404 179
Not Found: /media/photos/3.jpg
"GET /media/photos/3.jpg HTTP/1.1" 404 179
"GET /fotos/?page=2 HTTP/1.1" 200 2268
Not Found: /media/photos/4.jpg
"GET /media/photos/4.jpg HTTP/1.1" 404 179
Not Found: /media/photos/5.jpg
"GET /media/photos/5.jpg HTTP/1.1" 404 179
Not Found: /media/photos/6.jpg
"GET /media/photos/6.jpg HTTP/1.1" 404 179
"GET / HTTP/1.1" 200 1144
Watching for file changes with StatReloader
"GET / HTTP/1.1" 200 1144
"GET /fotos/ HTTP/1.1" 200 2268
"GET /media/photos/1.jpg HTTP/1.1" 200 49301
"GET /media/photos/3.jpg HTTP/1.1" 200 32868
"GET /media/photos/2.jpg HTTP/1.1" 200 80570
"GET /fotos/?page=2 HTTP/1.1" 200 2268
"GET /media/photos/4.jpg HTTP/1.1" 200 28594
"GET /media/photos/5.jpg HTTP/1.1" 200 35752
"GET /media/photos/6.jpg HTTP/1.1" 200 40019
"GET /fotos/?page=1 HTTP/1.1" 200 2268
C:\Users\прога\Desktop\PRODAKHN\foto-albom\main\settings.py changed, reloading.
Watching for file changes with StatReloader
"GET / HTTP/1.1" 200 1144
"GET /fotos/ HTTP/1.1" 200 2268
"GET / HTTP/1.1" 200 1144
Watching for file changes with StatReloader
"GET / HTTP/1.1" 200 1340
"GET /static/fotos/css/style.css HTTP/1.1" 200 4763
"GET /static/fotos/js/main.js HTTP/1.1" 200 3481
Not Found: /favicon.ico
"GET /favicon.ico HTTP/1.1" 404 3594
"GET /fotos/ HTTP/1.1" 200 2268
"GET /static/fotos/css/style.css HTTP/1.1" 304 0
"GET /static/fotos/js/main.js HTTP/1.1" 304 0
"GET /media/photos/1.jpg HTTP/1.1" 304 0
"GET /media/photos/2.jpg HTTP/1.1" 304 0
"GET /media/photos/3.jpg HTTP/1.1" 304 0
"GET /fotos/?page=2 HTTP/1.1" 200 2268
"GET /static/fotos/css/style.css HTTP/1.1" 304 0
"GET /static/fotos/js/main.js HTTP/1.1" 304 0
"GET /media/photos/4.jpg HTTP/1.1" 304 0
"GET /media/photos/6.jpg HTTP/1.1" 304 0
"GET /media/photos/5.jpg HTTP/1.1" 304 0
"GET / HTTP/1.1" 200 1340
"GET /fotos/ HTTP/1.1" 200 2268
"GET /fotos/ HTTP/1.1" 200 2268
"GET /static/fotos/css/style.css HTTP/1.1" 304 0
"GET /static/fotos/js/main.js HTTP/1.1" 304 0
"GET / HTTP/1.1" 200 1340
"GET /static/fotos/css/style.css HTTP/1.1" 304 0
"GET /static/fotos/js/main.js HTTP/1.1" 304 0
"GET /fotos/ HTTP/1.1" 200 2268
"GET /fotos/conclusion/ HTTP/1.1" 200 1765
"GET /static/fotos/css/style.css HTTP/1.1" 304 0
"GET /static/fotos/js/main.js HTTP/1.1" 304 0
"GET /fotos/ HTTP/1.1" 200 2268
"GET /static/fotos/css/style.css HTTP/1.1" 304 0
"GET /static/fotos/js/main.js HTTP/1.1" 304 0
"GET /fotos/ HTTP/1.1" 200 2361
"GET /static/fotos/js/main.js HTTP/1.1" 304 0
"GET /static/fotos/css/style.css HTTP/1.1" 200 5982
"GET / HTTP/1.1" 200 1340
"GET /static/fotos/css/style.css HTTP/1.1" 304 0
"GET /fotos/ HTTP/1.1" 200 2361
"GET /fotos/ HTTP/1.1" 200 2361
"GET /static/fotos/css/style.css HTTP/1.1" 304 0
"GET /fotos/16/ HTTP/1.1" 200 847
"GET /static/fotos/css/style.css HTTP/1.1" 304 0
"GET /fotos/ HTTP/1.1" 200 2361
"GET /static/fotos/css/style.css HTTP/1.1" 304 0
"GET /fotos/conclusion/ HTTP/1.1" 200 1765
"GET /static/fotos/css/style.css HTTP/1.1" 304 0
"GET /fotos/17/ HTTP/1.1" 200 847
"GET /fotos/conclusion/ HTTP/1.1" 200 1765
"GET /static/fotos/css/style.css HTTP/1.1" 304 0
"GET /fotos/conclusion/ HTTP/1.1" 200 1765
"GET /static/fotos/css/style.css HTTP/1.1" 304 0
"GET /static/fotos/js/main.js HTTP/1.1" 200 3481
"GET /fotos/ HTTP/1.1" 200 2361
"GET /static/fotos/js/main.js HTTP/1.1" 304 0
"GET /fotos/conclusion/ HTTP/1.1" 200 1765
"GET /static/fotos/js/main.js HTTP/1.1" 304 0
"GET /static/fotos/css/style.css HTTP/1.1" 304 0
"GET /fotos/18/ HTTP/1.1" 200 847
"GET /static/fotos/js/main.js HTTP/1.1" 304 0
"GET /fotos/ HTTP/1.1" 200 2361
"GET /fotos/17/ HTTP/1.1" 200 847
"GET /fotos/ HTTP/1.1" 200 2361
"GET /static/fotos/js/main.js HTTP/1.1" 304 0
"GET /static/fotos/css/style.css HTTP/1.1" 304 0
"GET /fotos/ HTTP/1.1" 200 2361
"GET /static/fotos/css/style.css HTTP/1.1" 304 0
"GET /static/fotos/js/main.js HTTP/1.1" 304 0
"GET / HTTP/1.1" 200 1249
"GET /fotos/ HTTP/1.1" 200 2361
"GET /fotos/ HTTP/1.1" 200 2361
"GET /static/fotos/css/style.css HTTP/1.1" 200 6913
"GET /static/fotos/js/main.js HTTP/1.1" 304 0
"GET /fotos/?page=2 HTTP/1.1" 200 2361
"GET /static/fotos/css/style.css HTTP/1.1" 304 0
"GET /fotos/conclusion/ HTTP/1.1" 200 1765
"GET /static/fotos/css/style.css HTTP/1.1" 304 0
"GET /fotos/21/ HTTP/1.1" 200 847
"GET /static/fotos/css/style.css HTTP/1.1" 304 0
"GET /fotos/ HTTP/1.1" 200 2361
"GET /static/fotos/css/style.css HTTP/1.1" 304 0
"GET / HTTP/1.1" 200 1249
"GET /fotos/ HTTP/1.1" 200 2361
"GET /fotos/ HTTP/1.1" 200 2361
"GET /static/fotos/css/style.css HTTP/1.1" 304 0
"GET /fotos/?page=2 HTTP/1.1" 200 2361
"GET /static/fotos/css/style.css HTTP/1.1" 304 0
"GET / HTTP/1.1" 200 1249
Watching for file changes with StatReloader
"GET / HTTP/1.1" 200 1249
"GET /static/fotos/css/style.css HTTP/1.1" 200 21458
"GET /static/fotos/js/main.js HTTP/1.1" 200 11325
Not Found: /favicon.ico
"GET /favicon.ico HTTP/1.1" 404 4408
"GET /fotos/ HTTP/1.1" 200 2234
"GET /static/fotos/js/main.js HTTP/1.1" 304 0
"GET /media/photos/1.jpg HTTP/1.1" 304 0
"GET /media/photos/2.jpg HTTP/1.1" 304 0
"GET /fotos/?page=2&per_page= HTTP/1.1" 200 2304
"GET /media/photos/4.jpg HTTP/1.1" 304 0
"GET /media/photos/3.jpg HTTP/1.1" 304 0
"GET /fotos/?page=2&per_page= HTTP/1.1" 200 2304
"GET /static/fotos/js/main.js HTTP/1.1" 304 0
"GET /fotos/?page=2&per_page= HTTP/1.1" 200 2304
"GET /fotos/?page=2&per_page= HTTP/1.1" 200 2304
"GET / HTTP/1.1" 200 1249
"GET /fotos/ HTTP/1.1" 200 2234
"GET /static/fotos/js/main.js HTTP/1.1" 304 0
"GET /fotos/?page=2&per_page= HTTP/1.1" 200 2304
"GET /fotos/?page=3&per_page= HTTP/1.1" 200 2234
"GET /media/photos/6.jpg HTTP/1.1" 304 0
"GET /media/photos/5.jpg HTTP/1.1" 304 0
"GET /fotos/conclusion/ HTTP/1.1" 200 6981
"GET /static/fotos/js/main.js HTTP/1.1" 304 0
Session data corrupted
"POST /fotos/login/ HTTP/1.1" 200 17
"POST /fotos/login/ HTTP/1.1" 200 17
"POST /fotos/login/ HTTP/1.1" 200 17
"POST /fotos/login/ HTTP/1.1" 200 17
"POST /fotos/login/ HTTP/1.1" 200 17
"POST /fotos/login/ HTTP/1.1" 200 17
"POST /fotos/login/ HTTP/1.1" 200 17
Forbidden (CSRF token from POST incorrect.): /fotos/upload/
"POST /fotos/upload/ HTTP/1.1" 403 2545
"POST /fotos/login/ HTTP/1.1" 200 17
"POST /fotos/login/ HTTP/1.1" 200 17
"POST /fotos/login/ HTTP/1.1" 200 17
"POST /fotos/login/ HTTP/1.1" 200 17
"GET / HTTP/1.1" 200 1249
"GET /static/fotos/css/style.css HTTP/1.1" 304 0
"GET /static/fotos/js/main.js HTTP/1.1" 304 0
"GET /fotos/ HTTP/1.1" 200 2234
- Broken pipe from ('127.0.0.1', 60192)
"GET /fotos/?page=2&per_page= HTTP/1.1" 200 2304
"GET / HTTP/1.1" 200 1249
"GET /fotos/ HTTP/1.1" 200 2234
"GET / HTTP/1.1" 200 1249
"GET /static/fotos/js/main.js HTTP/1.1" 304 0
"GET /fotos/ HTTP/1.1" 200 2234
"GET /fotos/?page=2&per_page= HTTP/1.1" 200 2304
"GET /fotos/?page=3&per_page= HTTP/1.1" 200 2234
"GET /fotos/?page=2&per_page= HTTP/1.1" 200 2304
"GET /fotos/?page=3&per_page= HTTP/1.1" 200 2234
"GET /fotos/?page=3&per_page= HTTP/1.1" 200 2234
"GET /fotos/?page=2&per_page= HTTP/1.1" 200 2304
"GET /fotos/conclusion/ HTTP/1.1" 200 6981
"GET /fotos/conclusion/ HTTP/1.1" 200 6981
"GET /static/fotos/js/main.js HTTP/1.1" 304 0
"POST /fotos/login/ HTTP/1.1" 200 17
"GET /fotos/ HTTP/1.1" 200 2234
"GET /static/fotos/css/style.css HTTP/1.1" 304 0
"GET /static/fotos/js/main.js HTTP/1.1" 304 0
"GET /fotos/?page=2&per_page= HTTP/1.1" 200 2304
"GET /fotos/?page=3&per_page= HTTP/1.1" 200 2234
"GET /fotos/conclusion/ HTTP/1.1" 200 6981
"POST /fotos/login/ HTTP/1.1" 200 17
Forbidden (CSRF token from POST incorrect.): /fotos/login/
"POST /fotos/login/ HTTP/1.1" 403 2545
"POST /fotos/login/ HTTP/1.1" 200 17
Forbidden (CSRF token from POST incorrect.): /fotos/upload/
"POST /fotos/upload/ HTTP/1.1" 403 2545
Watching for file changes with StatReloader
"GET / HTTP/1.1" 200 1249
"GET /static/fotos/js/main.js HTTP/1.1" 304 0
"GET /static/fotos/css/style.css HTTP/1.1" 304 0
- Broken pipe from ('127.0.0.1', 60296)
"GET /fotos/ HTTP/1.1" 200 2234
"GET /fotos/?page=2&per_page= HTTP/1.1" 200 2304
"GET /fotos/?page=3&per_page= HTTP/1.1" 200 2234
"GET /fotos/?page=3&per_page= HTTP/1.1" 200 2234
"GET /fotos/?page=3&per_page= HTTP/1.1" 200 2234
"GET /fotos/?page=3&per_page= HTTP/1.1" 200 2234
"GET /fotos/?page=3&per_page= HTTP/1.1" 200 2234
C:\Users\прога\Desktop\foto-albom\fotos\views.py changed, reloading.
Watching for file changes with StatReloader
Watching for file changes with StatReloader
"GET / HTTP/1.1" 200 1249
"GET /static/fotos/css/style.css HTTP/1.1" 200 15791
"GET /static/fotos/js/main.js HTTP/1.1" 200 5292
"GET /fotos/ HTTP/1.1" 200 2629
"GET /fotos/?page=2 HTTP/1.1" 200 2629
"GET /fotos/conclusion/ HTTP/1.1" 200 1764
"GET /fotos/ HTTP/1.1" 200 2629
"GET / HTTP/1.1" 200 1249
Watching for file changes with StatReloader
"GET / HTTP/1.1" 200 1487
"GET /static/fotos/css/style.css HTTP/1.1" 200 28787
"GET /static/fotos/js/main.js HTTP/1.1" 200 26496
"GET /fotos/ HTTP/1.1" 200 2725
"GET /static/fotos/css/style.css HTTP/1.1" 304 0
"GET /static/fotos/js/main.js HTTP/1.1" 304 0
"GET /fotos/?page=2 HTTP/1.1" 200 2725
"GET /fotos/conclusion/ HTTP/1.1" 200 1764
"GET /static/fotos/js/main.js HTTP/1.1" 304 0
"GET /fotos/ HTTP/1.1" 200 2725
"GET /static/fotos/css/style.css HTTP/1.1" 304 0
"GET / HTTP/1.1" 200 1487
"GET /static/fotos/js/main.js HTTP/1.1" 304 0
"GET /fotos/upload/ HTTP/1.1" 200 5160
"GET /static/fotos/css/style.css HTTP/1.1" 304 0
"POST /fotos/upload/ HTTP/1.1" 302 0
"GET /fotos/ HTTP/1.1" 200 2725
"GET /static/fotos/css/style.css HTTP/1.1" 304 0
"GET /static/fotos/js/main.js HTTP/1.1" 304 0
"GET /fotos/?page=2 HTTP/1.1" 200 2785
"GET /fotos/?page=3 HTTP/1.1" 200 1985
"GET /static/fotos/js/main.js HTTP/1.1" 304 0
"GET /media/photos/%D1%80%D0%BE%D0%B1%D0%BE%D1%82_%D0%BF%D0%BE%D1%89%D0%BD%D0%B8%D0%BA.jpg HTTP/1.1" 200 112783
"GET /fotos/upload/ HTTP/1.1" 200 5160
"GET /static/fotos/css/style.css HTTP/1.1" 304 0
"GET /static/fotos/js/main.js HTTP/1.1" 304 0
"GET / HTTP/1.1" 200 1487
"GET /static/fotos/css/style.css HTTP/1.1" 304 0
"GET /static/fotos/js/main.js HTTP/1.1" 304 0
"GET /fotos/ HTTP/1.1" 200 2725
"GET /fotos/conclusion/ HTTP/1.1" 200 1890
"GET /fotos/ HTTP/1.1" 200 2725
"GET /static/fotos/css/style.css HTTP/1.1" 304 0
"GET /static/fotos/js/main.js HTTP/1.1" 304 0
"GET /fotos/upload/ HTTP/1.1" 200 5160
C:\Users\прога\Desktop\foto-albom\fotos\urls.py changed, reloading.
Watching for file changes with StatReloader
Watching for file changes with StatReloader
"GET / HTTP/1.1" 200 1249
"GET /static/fotos/css/style.css HTTP/1.1" 200 20383
"GET /static/fotos/js/main.js HTTP/1.1" 200 7315
"GET /fotos/ HTTP/1.1" 200 2629
"GET /fotos/?page=2 HTTP/1.1" 200 2689
"GET /fotos/?page=3 HTTP/1.1" 200 1889
"GET /media/photos/%D1%80%D0%BE%D0%B1%D0%BE%D1%82_%D0%BF%D0%BE%D1%89%D0%BD%D0%B8%D0%BA.jpg HTTP/1.1" 304 0
- Broken pipe from ('127.0.0.1', 60977)
"GET /fotos/conclusion/ HTTP/1.1" 200 5885
"GET /static/fotos/js/main.js HTTP/1.1" 304 0
"GET /fotos/upload/ HTTP/1.1" 200 2075
"GET /static/fotos/css/style.css HTTP/1.1" 304 0
"POST /fotos/upload/ HTTP/1.1" 302 0
"GET /fotos/conclusion/ HTTP/1.1" 200 6248
"GET /static/fotos/js/main.js HTTP/1.1" 304 0
"GET /static/fotos/css/style.css HTTP/1.1" 304 0
"GET /fotos/ HTTP/1.1" 200 2629
"GET /fotos/?page=2 HTTP/1.1" 200 2689
"GET /fotos/?page=3 HTTP/1.1" 200 2388
"GET /media/photos/%D1%80%D0%BE%D0%B1%D0%BE%D1%82_%D0%BF%D0%BE%D1%89%D0%BD%D0%B8%D0%BA_ncnEcGS.jpg HTTP/1.1" 200 112783
"GET /fotos/conclusion/ HTTP/1.1" 200 6248
"GET /fotos/upload/ HTTP/1.1" 200 2075
"GET /static/fotos/css/style.css HTTP/1.1" 304 0
"GET /static/fotos/js/main.js HTTP/1.1" 304 0
"GET /fotos/ HTTP/1.1" 200 2629
"GET / HTTP/1.1" 200 1249
"GET /admin/ HTTP/1.1" 200 11206
"GET /static/admin/js/theme.js HTTP/1.1" 304 0
"GET /static/admin/css/base.css HTTP/1.1" 304 0
"GET /static/admin/css/dark_mode.css HTTP/1.1" 304 0
"GET /static/admin/css/dashboard.css HTTP/1.1" 304 0
"GET /static/admin/css/responsive.css HTTP/1.1" 304 0
"GET /static/admin/css/nav_sidebar.css HTTP/1.1" 304 0
"GET /static/admin/js/nav_sidebar.js HTTP/1.1" 304 0
"GET /static/admin/img/icon-addlink.svg HTTP/1.1" 304 0
"GET /static/admin/img/icon-changelink.svg HTTP/1.1" 304 0
"GET /static/admin/img/icon-yes.svg HTTP/1.1" 304 0
"GET /static/admin/img/icon-deletelink.svg HTTP/1.1" 304 0
"POST /admin/logout/ HTTP/1.1" 200 3832
"GET /admin/ HTTP/1.1" 302 0
"GET /admin/login/?next=/admin/ HTTP/1.1" 200 4374
"GET /static/admin/css/login.css HTTP/1.1" 200 951
"GET / HTTP/1.1" 200 1249
"GET /static/fotos/css/style.css HTTP/1.1" 304 0
"GET /static/fotos/js/main.js HTTP/1.1" 304 0
"GET /fotos/ HTTP/1.1" 200 2629
"GET /fotos/?page=2 HTTP/1.1" 200 2689
"GET /fotos/?page=3 HTTP/1.1" 200 2388
"GET /media/photos/%D1%80%D0%BE%D0%B1%D0%BE%D1%82_%D0%BF%D0%BE%D1%89%D0%BD%D0%B8%D0%BA.jpg HTTP/1.1" 304 0
"GET /media/photos/%D1%80%D0%BE%D0%B1%D0%BE%D1%82_%D0%BF%D0%BE%D1%89%D0%BD%D0%B8%D0%BA_ncnEcGS.jpg HTTP/1.1" 304 0
"GET /fotos/conclusion/ HTTP/1.1" 200 4741
"GET /fotos/ HTTP/1.1" 200 2629
"GET /static/fotos/css/style.css HTTP/1.1" 304 0
"GET /static/fotos/js/main.js HTTP/1.1" 304 0
"GET /fotos/conclusion/ HTTP/1.1" 200 4741
"GET /fotos/ HTTP/1.1" 200 2629
"GET / HTTP/1.1" 200 1249
"GET /fotos/ HTTP/1.1" 200 2629
"GET /fotos/conclusion/ HTTP/1.1" 200 4741
"GET / HTTP/1.1" 200 1249
"GET /static/fotos/css/style.css HTTP/1.1" 304 0
"GET /static/fotos/js/main.js HTTP/1.1" 304 0
"GET /admin/ HTTP/1.1" 302 0
"GET /admin/login/?next=/admin/ HTTP/1.1" 200 4374
"GET /static/admin/css/base.css HTTP/1.1" 304 0
"GET /static/admin/css/dark_mode.css HTTP/1.1" 304 0
"GET /static/admin/css/nav_sidebar.css HTTP/1.1" 304 0
"GET /static/admin/css/responsive.css HTTP/1.1" 304 0
"GET /static/admin/js/theme.js HTTP/1.1" 304 0
"GET /static/admin/js/nav_sidebar.js HTTP/1.1" 304 0
"POST /admin/login/?next=/admin/ HTTP/1.1" 302 0
"GET /admin/ HTTP/1.1" 200 10957
"GET /static/admin/css/dashboard.css HTTP/1.1" 304 0
"GET /static/admin/img/icon-addlink.svg HTTP/1.1" 304 0
"GET /static/admin/img/icon-changelink.svg HTTP/1.1" 304 0
"GET /static/admin/img/icon-deletelink.svg HTTP/1.1" 304 0
"GET / HTTP/1.1" 200 1249
"GET /static/fotos/css/style.css HTTP/1.1" 304 0
"GET /static/fotos/js/main.js HTTP/1.1" 304 0
- Broken pipe from ('127.0.0.1', 61034)
"GET /fotos/ HTTP/1.1" 200 2629
"GET /fotos/?page=2 HTTP/1.1" 200 2689
"GET /fotos/?page=3 HTTP/1.1" 200 2388
"GET /media/photos/%D1%80%D0%BE%D0%B1%D0%BE%D1%82_%D0%BF%D0%BE%D1%89%D0%BD%D0%B8%D0%BA.jpg HTTP/1.1" 304 0
"GET /media/photos/%D1%80%D0%BE%D0%B1%D0%BE%D1%82_%D0%BF%D0%BE%D1%89%D0%BD%D0%B8%D0%BA_ncnEcGS.jpg HTTP/1.1" 304 0
"GET /fotos/conclusion/ HTTP/1.1" 200 6248
"GET / HTTP/1.1" 200 1249
Watching for file changes with StatReloader
"GET / HTTP/1.1" 200 2000
"GET /static/fotos/js/main.js HTTP/1.1" 304 0
"GET /static/fotos/css/style.css HTTP/1.1" 200 23418
"GET /logout/ HTTP/1.1" 302 0
"GET / HTTP/1.1" 200 1780
"GET /static/fotos/css/style.css HTTP/1.1" 304 0
"GET /fotos/conclusion/ HTTP/1.1" 200 4750
"GET /static/fotos/css/style.css HTTP/1.1" 304 0
"GET / HTTP/1.1" 200 1780
"GET / HTTP/1.1" 200 1780
"GET /login/ HTTP/1.1" 200 2282
"POST /login/ HTTP/1.1" 200 2298
"GET /static/fotos/css/style.css HTTP/1.1" 304 0
"POST /login/ HTTP/1.1" 302 0
"GET /fotos/conclusion/ HTTP/1.1" 200 6257
"GET /static/fotos/css/style.css HTTP/1.1" 304 0
"POST /fotos/delete/22/ HTTP/1.1" 200 135
"GET /fotos/conclusion/ HTTP/1.1" 200 5900
"GET /static/fotos/css/style.css HTTP/1.1" 304 0
"GET /fotos/ HTTP/1.1" 200 2629
"GET /fotos/?page=2 HTTP/1.1" 200 2689
"GET /fotos/?page=3 HTTP/1.1" 200 1913
"GET /media/photos/%D1%80%D0%BE%D0%B1%D0%BE%D1%82_%D0%BF%D0%BE%D1%89%D0%BD%D0%B8%D0%BA_ncnEcGS.jpg HTTP/1.1" 304 0
"GET /fotos/conclusion/ HTTP/1.1" 200 5900
"GET / HTTP/1.1" 200 2000
"GET /static/fotos/css/style.css HTTP/1.1" 304 0
"GET /logout/ HTTP/1.1" 302 0
"GET / HTTP/1.1" 200 1780
"GET /fotos/ HTTP/1.1" 200 2629
"GET /static/fotos/js/main.js HTTP/1.1" 304 0
"GET /static/fotos/css/style.css HTTP/1.1" 304 0
"GET /fotos/?page=2 HTTP/1.1" 200 2689
"GET /fotos/?page=3 HTTP/1.1" 200 1913
Watching for file changes with StatReloader
"GET / HTTP/1.1" 200 1780
"GET /static/fotos/js/main.js HTTP/1.1" 304 0
"GET /static/fotos/css/style.css HTTP/1.1" 304 0
"GET / HTTP/1.1" 200 1780
"GET / HTTP/1.1" 200 1640
"GET / HTTP/1.1" 200 1780
"GET /static/fotos/css/style.css HTTP/1.1" 304 0
"GET / HTTP/1.1" 200 1780
"GET / HTTP/1.1" 200 1780
"GET / HTTP/1.1" 200 1780
Watching for file changes with StatReloader
"GET / HTTP/1.1" 200 1645
"GET / HTTP/1.1" 200 1645
"GET /static/fotos/css/style.css HTTP/1.1" 304 0
"GET / HTTP/1.1" 200 1780
"GET / HTTP/1.1" 200 1699
"GET / HTTP/1.1" 200 1699
"GET /static/fotos/css/style.css HTTP/1.1" 304 0
"GET /static/fotos/js/main.js HTTP/1.1" 200 7187
Watching for file changes with StatReloader
"GET / HTTP/1.1" 200 1699
"GET /static/fotos/js/main.js HTTP/1.1" 304 0
"GET /static/fotos/css/style.css HTTP/1.1" 200 24519
"GET /static/images/bg-desktop.jpg HTTP/1.1" 200 124700
Not Found: /favicon.ico
"GET /favicon.ico HTTP/1.1" 404 4652
"GET /fotos/ HTTP/1.1" 200 2629
"GET /media/photos/3.jpg HTTP/1.1" 304 0
"GET /media/photos/1.jpg HTTP/1.1" 304 0
"GET /media/photos/2.jpg HTTP/1.1" 304 0
"GET / HTTP/1.1" 200 1699
"GET / HTTP/1.1" 200 1665
"GET /static/fotos/css/style.css HTTP/1.1" 200 23978
"GET /static/fotos/js/main.js HTTP/1.1" 200 5316
"GET /static/images/bg-desktop.jpg HTTP/1.1" 304 0
"GET /fotos/ HTTP/1.1" 200 2629
"GET /static/fotos/js/main.js HTTP/1.1" 304 0
"GET /fotos/ HTTP/1.1" 200 2629
"GET /static/fotos/js/main.js HTTP/1.1" 304 0
"GET /static/fotos/css/style.css HTTP/1.1" 200 23978
"GET /fotos/ HTTP/1.1" 200 2629
"GET /static/fotos/css/style.css HTTP/1.1" 200 23978
"GET /static/fotos/js/main.js HTTP/1.1" 304 0
"GET /fotos/ HTTP/1.1" 200 2629
"GET /static/fotos/css/style.css HTTP/1.1" 304 0
"GET /fotos/ HTTP/1.1" 200 2629
"GET /static/fotos/css/style.css HTTP/1.1" 304 0
"GET /fotos/ HTTP/1.1" 200 2629
"GET /fotos/ HTTP/1.1" 200 2629
"GET /static/fotos/css/style.css HTTP/1.1" 304 0
"GET /fotos/ HTTP/1.1" 200 2629
"GET /static/fotos/js/main.js HTTP/1.1" 304 0
"GET /static/fotos/css/style.css HTTP/1.1" 200 23978
"GET /fotos/ HTTP/1.1" 200 2629
"GET /static/fotos/css/style.css HTTP/1.1" 200 23976
"GET /fotos/ HTTP/1.1" 200 2629
"GET /static/fotos/js/main.js HTTP/1.1" 304 0
"GET /static/fotos/css/style.css HTTP/1.1" 200 23978
"GET / HTTP/1.1" 200 1665
"GET /static/fotos/css/style.css HTTP/1.1" 304 0
"GET /static/fotos/js/main.js HTTP/1.1" 304 0
"GET /fotos/conclusion/ HTTP/1.1" 200 4554
"GET /static/fotos/css/style.css HTTP/1.1" 304 0
"GET / HTTP/1.1" 200 1665
"GET / HTTP/1.1" 200 1665
"GET /static/fotos/js/main.js HTTP/1.1" 304 0
"GET /static/fotos/css/style.css HTTP/1.1" 200 24031
"GET / HTTP/1.1" 200 1665
"GET /static/fotos/css/style.css HTTP/1.1" 200 24031
"GET / HTTP/1.1" 200 1665
"GET /static/fotos/css/style.css HTTP/1.1" 200 24031
